[2023-08-10 03:15:27,204] [INFO] 5***********@x**.fun 获得了 421MB 流量.
[2023-08-10 03:15:28,927] [INFO] d**@x**.fun 获得了 326MB 流量.
[2023-08-10 03:15:30,654] [INFO] h**@a***********.org 获得了 489MB 流量.
[2023-08-10 03:15:32,140] [INFO] c****@q****.com 获得了 383MB 流量.
[2023-08-11 03:15:01,327] [INFO] 5***********@x**.fun 获得了 300MB 流量.
[2023-08-11 03:15:02,702] [INFO] d**@x**.fun 获得了 394MB 流量.
[2023-08-11 03:15:04,146] [INFO] h**@a***********.org 获得了 452MB 流量.
[2023-08-11 03:15:05,690] [INFO] c****@q****.com 获得了 477MB 流量.
[2023-08-12 03:14:28,229] [INFO] 5***********@x**.fun 获得了 435MB 流量.
[2023-08-12 03:14:29,788] [INFO] d**@x**.fun 获得了 373MB 流量.
[2023-08-12 03:14:31,366] [INFO] h**@a***********.org 获得了 485MB 流量.
[2023-08-12 03:14:32,925] [INFO] c****@q****.com 获得了 479MB 流量.
[2023-08-13 03:14:21,251] [INFO] 5***********@x**.fun 获得了 476MB 流量.
[2023-08-13 03:14:22,631] [INFO] d**@x**.fun 获得了 334MB 流量.
[2023-08-13 03:14:23,989] [INFO] h**@a***********.org 获得了 488MB 流量.
[2023-08-13 03:14:25,585] [INFO] c****@q****.com 获得了 411MB 流量.
[2023-08-14 03:15:04,985] [INFO] 5***********@x**.fun 获得了 362MB 流量.
[2023-08-14 03:15:06,437] [INFO] d**@x**.fun 获得了 484MB 流量.
[2023-08-14 03:15:07,879] [INFO] h**@a***********.org 获得了 365MB 流量.
[2023-08-14 03:15:09,318] [INFO] c****@q****.com 获得了 391MB 流量.
[2023-08-15 03:14:56,596] [INFO] 5***********@x**.fun 获得了 382MB 流量.
[2023-08-15 03:14:58,436] [INFO] d**@x**.fun 获得了 406MB 流量.
[2023-08-15 03:15:00,236] [INFO] h**@a***********.org 获得了 389MB 流量.
[2023-08-15 03:15:02,112] [INFO] c****@q****.com 获得了 315MB 流量.
[2023-08-16 03:15:25,526] [INFO] 5***********@x**.fun 获得了 456MB 流量.
[2023-08-16 03:15:27,131] [INFO] d**@x**.fun 获得了 406MB 流量.
[2023-08-16 03:15:28,749] [INFO] h**@a***********.org 获得了 467MB 流量.
[2023-08-16 03:15:30,112] [INFO] c****@q****.com 获得了 416MB 流量.
[2023-08-17 03:14:52,975] [INFO] 5***********@x**.fun 获得了 322MB 流量.
[2023-08-17 03:14:54,410] [INFO] d**@x**.fun 获得了 401MB 流量.
[2023-08-17 03:14:55,830] [INFO] h**@a***********.org 获得了 358MB 流量.
[2023-08-17 03:14:57,244] [INFO] c****@q****.com 获得了 407MB 流量.
[2023-08-18 03:15:07,335] [INFO] 5***********@x**.fun 获得了 363MB 流量.
[2023-08-18 03:15:09,309] [INFO] d**@x**.fun 获得了 382MB 流量.
[2023-08-18 03:15:10,939] [INFO] h**@a***********.org 获得了 362MB 流量.
[2023-08-18 03:15:12,250] [INFO] c****@q****.com 获得了 470MB 流量.
[2023-08-19 03:15:14,025] [INFO] 5***********@x**.fun 获得了 388MB 流量.
[2023-08-19 03:15:15,616] [INFO] d**@x**.fun 获得了 407MB 流量.
[2023-08-19 03:15:17,219] [INFO] h**@a***********.org 获得了 489MB 流量.
[2023-08-19 03:15:18,927] [INFO] c****@q****.com 获得了 480MB 流量.
[2023-08-20 03:14:21,342] [INFO] 5***********@x**.fun 获得了 454MB 流量.
[2023-08-20 03:14:22,931] [INFO] d**@x**.fun 获得了 364MB 流量.
[2023-08-20 03:14:24,478] [INFO] h**@a***********.org 获得了 466MB 流量.
[2023-08-20 03:14:26,034] [INFO] c****@q****.com 获得了 361MB 流量.
[2023-08-21 03:15:08,617] [INFO] 5***********@x**.fun 获得了 342MB 流量.
[2023-08-21 03:15:10,387] [INFO] d**@x**.fun 获得了 329MB 流量.
[2023-08-21 03:15:12,128] [INFO] h**@a***********.org 获得了 399MB 流量.
[2023-08-21 03:15:13,870] [INFO] c****@q****.com 获得了 333MB 流量.
[2023-08-22 03:15:13,175] [INFO] 5***********@x**.fun 获得了 491MB 流量.
[2023-08-22 03:15:14,830] [INFO] d**@x**.fun 获得了 390MB 流量.
[2023-08-22 03:15:16,733] [INFO] h**@a***********.org 获得了 434MB 流量.
[2023-08-22 03:15:18,429] [INFO] c****@q****.com 获得了 321MB 流量.
[2023-08-23 03:15:14,077] [INFO] 5***********@x**.fun 获得了 372MB 流量.
[2023-08-23 03:15:15,571] [INFO] d**@x**.fun 获得了 339MB 流量.
[2023-08-23 03:15:21,516] [INFO] h**@a***********.org 获得了 306MB 流量.
[2023-08-23 03:15:23,010] [INFO] c****@q****.com 获得了 490MB 流量.
[2023-08-24 03:15:16,892] [INFO] 5***********@x**.fun 获得了 374MB 流量.
[2023-08-24 03:15:18,350] [INFO] d**@x**.fun 获得了 425MB 流量.
[2023-08-24 03:15:19,807] [INFO] h**@a***********.org 获得了 483MB 流量.
[2023-08-24 03:15:21,262] [INFO] c****@q****.com 获得了 304MB 流量.
[2023-08-25 03:15:22,379] [INFO] 5***********@x**.fun 获得了 363MB 流量.
[2023-08-25 03:15:23,870] [INFO] d**@x**.fun 获得了 406MB 流量.
[2023-08-25 03:15:25,338] [INFO] h**@a***********.org 获得了 323MB 流量.
[2023-08-25 03:15:26,819] [INFO] c****@q****.com 获得了 392MB 流量.
[2023-08-26 03:14:41,705] [INFO] 5***********@x**.fun 获得了 441MB 流量.
[2023-08-26 03:14:43,380] [INFO] d**@x**.fun 获得了 417MB 流量.
[2023-08-26 03:14:44,814] [INFO] h**@a***********.org 获得了 424MB 流量.
[2023-08-26 03:14:46,490] [INFO] c****@q****.com 获得了 347MB 流量.
[2023-08-27 03:14:54,905] [INFO] 5***********@x**.fun 获得了 475MB 流量.
[2023-08-27 03:14:56,317] [INFO] d**@x**.fun 获得了 337MB 流量.
[2023-08-27 03:14:57,748] [INFO] h**@a***********.org 获得了 462MB 流量.
[2023-08-27 03:14:58,965] [INFO] c****@q****.com 获得了 448MB 流量.
[2023-08-28 03:15:30,121] [INFO] 5***********@x**.fun 获得了 465MB 流量.
[2023-08-28 03:15:31,880] [INFO] d**@x**.fun 获得了 328MB 流量.
[2023-08-28 03:15:33,685] [INFO] h**@a***********.org 获得了 307MB 流量.
[2023-08-28 03:15:35,314] [INFO] c****@q****.com 获得了 443MB 流量.
[2023-08-29 03:16:08,626] [INFO] 5***********@x**.fun 获得了 457MB 流量.
[2023-08-29 03:16:10,073] [INFO] d**@x**.fun 获得了 312MB 流量.
[2023-08-29 03:16:11,330] [INFO] h**@a***********.org 获得了 473MB 流量.
[2023-08-29 03:16:12,771] [INFO] c****@q****.com 获得了 499MB 流量.
[2023-08-30 03:15:22,349] [INFO] 5***********@x**.fun 获得了 498MB 流量.
[2023-08-30 03:15:23,560] [INFO] d**@x**.fun 获得了 310MB 流量.
[2023-08-30 03:15:24,983] [INFO] h**@a***********.org 获得了 361MB 流量.
[2023-08-30 03:15:26,352] [INFO] c****@q****.com 获得了 370MB 流量.
[2023-08-31 03:15:16,229] [INFO] 5***********@x**.fun 获得了 358MB 流量.
[2023-08-31 03:15:17,617] [INFO] d**@x**.fun 获得了 407MB 流量.
[2023-08-31 03:15:18,823] [INFO] h**@a***********.org 获得了 453MB 流量.
[2023-08-31 03:15:20,241] [INFO] c****@q****.com 获得了 465MB 流量.
[2023-09-01 03:15:52,266] [INFO] 5***********@x**.fun 获得了 438MB 流量.
[2023-09-01 03:15:53,993] [INFO] d**@x**.fun 获得了 495MB 流量.
[2023-09-01 03:15:55,428] [INFO] h**@a***********.org 获得了 496MB 流量.
[2023-09-01 03:15:57,143] [INFO] c****@q****.com 获得了 428MB 流量.
[2023-09-02 03:14:41,579] [INFO] 5***********@x**.fun 获得了 336MB 流量.
[2023-09-02 03:14:42,951] [INFO] d**@x**.fun 获得了 434MB 流量.
[2023-09-02 03:14:44,116] [INFO] h**@a***********.org 获得了 381MB 流量.
[2023-09-02 03:14:45,280] [INFO] c****@q****.com 获得了 496MB 流量.
[2023-09-03 03:14:46,815] [INFO] 5***********@x**.fun 获得了 428MB 流量.
[2023-09-03 03:14:48,523] [INFO] d**@x**.fun 获得了 317MB 流量.
[2023-09-03 03:14:50,323] [INFO] h**@a***********.org 获得了 496MB 流量.
[2023-09-03 03:14:52,050] [INFO] c****@q****.com 获得了 428MB 流量.
[2023-09-04 03:15:43,956] [INFO] 5***********@x**.fun 获得了 452MB 流量.
[2023-09-04 03:15:45,287] [INFO] d**@x**.fun 获得了 407MB 流量.
[2023-09-04 03:15:46,872] [INFO] h**@a***********.org 获得了 450MB 流量.
[2023-09-04 03:15:48,249] [INFO] c****@q****.com 获得了 380MB 流量.
[2023-09-05 03:15:43,178] [INFO] 5***********@x**.fun 获得了 351MB 流量.
[2023-09-05 03:15:44,915] [INFO] d**@x**.fun 获得了 361MB 流量.
[2023-09-05 03:15:46,387] [INFO] h**@a***********.org 获得了 322MB 流量.
[2023-09-05 03:15:48,108] [INFO] c****@q****.com 获得了 470MB 流量.
[2023-09-06 03:15:12,589] [INFO] 5***********@x**.fun 获得了 484MB 流量.
[2023-09-06 03:15:14,286] [INFO] d**@x**.fun 获得了 451MB 流量.
[2023-09-06 03:15:15,984] [INFO] h**@a***********.org 获得了 353MB 流量.
[2023-09-06 03:15:17,698] [INFO] c****@q****.com 获得了 498MB 流量.
[2023-09-07 03:15:07,089] [INFO] 5***********@x**.fun 获得了 413MB 流量.
[2023-09-07 03:15:08,624] [INFO] d**@x**.fun 获得了 472MB 流量.
[2023-09-07 03:15:10,208] [INFO] h**@a***********.org 获得了 431MB 流量.
[2023-09-07 03:15:11,745] [INFO] c****@q****.com 获得了 451MB 流量.
[2023-09-08 03:15:04,941] [INFO] 5***********@x**.fun 获得了 396MB 流量.
[2023-09-08 03:15:06,364] [INFO] d**@x**.fun 获得了 443MB 流量.
[2023-09-08 03:15:07,793] [INFO] h**@a***********.org 获得了 376MB 流量.
[2023-09-08 03:15:09,226] [INFO] c****@q****.com 获得了 326MB 流量.
[2023-09-09 03:14:43,115] [INFO] 5***********@x**.fun 获得了 343MB 流量.
[2023-09-09 03:14:44,716] [INFO] d**@x**.fun 获得了 350MB 流量.
[2023-09-09 03:14:46,336] [INFO] h**@a***********.org 获得了 364MB 流量.
[2023-09-09 03:14:47,885] [INFO] c****@q****.com 获得了 300MB 流量.
[2023-09-10 03:14:51,348] [INFO] 5***********@x**.fun 获得了 462MB 流量.
[2023-09-10 03:14:53,031] [INFO] d**@x**.fun 获得了 482MB 流量.
[2023-09-10 03:14:54,733] [INFO] h**@a***********.org 获得了 447MB 流量.
[2023-09-10 03:14:56,442] [INFO] c****@q****.com 获得了 462MB 流量.
[2023-09-11 03:15:38,907] [INFO] 5***********@x**.fun 获得了 466MB 流量.
[2023-09-11 03:15:40,358] [INFO] d**@x**.fun 获得了 389MB 流量.
[2023-09-11 03:15:41,846] [INFO] h**@a***********.org 获得了 428MB 流量.
[2023-09-11 03:15:43,121] [INFO] c****@q****.com 获得了 500MB 流量.
[2023-09-12 03:15:19,935] [INFO] 5***********@x**.fun 获得了 308MB 流量.
[2023-09-12 03:15:21,376] [INFO] d**@x**.fun 获得了 436MB 流量.
[2023-09-12 03:15:22,847] [INFO] h**@a***********.org 获得了 463MB 流量.
[2023-09-12 03:15:24,091] [INFO] c****@q****.com 获得了 483MB 流量.
[2023-09-13 03:15:22,371] [INFO] 5***********@x**.fun 获得了 324MB 流量.
[2023-09-13 03:15:23,848] [INFO] d**@x**.fun 获得了 401MB 流量.
[2023-09-13 03:15:25,099] [INFO] h**@a***********.org 获得了 443MB 流量.
[2023-09-13 03:15:26,639] [INFO] c****@q****.com 获得了 439MB 流量.
[2023-09-14 03:15:10,707] [INFO] 5***********@x**.fun 获得了 383MB 流量.
[2023-09-14 03:15:12,232] [INFO] d**@x**.fun 获得了 352MB 流量.
[2023-09-14 03:15:13,529] [INFO] h**@a***********.org 获得了 371MB 流量.
[2023-09-14 03:15:15,039] [INFO] c****@q****.com 获得了 404MB 流量.
[2023-09-15 03:15:38,136] [INFO] 5***********@x**.fun 获得了 319MB 流量.
[2023-09-15 03:15:39,912] [INFO] d**@x**.fun 获得了 395MB 流量.
[2023-09-15 03:15:41,729] [INFO] h**@a***********.org 获得了 373MB 流量.
[2023-09-15 03:15:43,489] [INFO] c****@q****.com 获得了 362MB 流量.
[2023-09-16 03:14:51,059] [INFO] 5***********@x**.fun 获得了 482MB 流量.
[2023-09-16 03:14:52,860] [INFO] d**@x**.fun 获得了 492MB 流量.
[2023-09-16 03:14:54,644] [INFO] h**@a***********.org 获得了 444MB 流量.
[2023-09-16 03:14:56,413] [INFO] c****@q****.com 获得了 441MB 流量.
[2023-09-17 03:24:12,000] [INFO] b******@1**.com 您似乎已经签到过了...
[2023-09-17 03:24:13,356] [INFO] b********@f******.com 您似乎已经签到过了...
[2023-09-17 03:24:14,919] [INFO] d*******@1**.com 获得了 487MB 流量.
[2023-09-18 03:19:41,253] [INFO] b******@1**.com 您似乎已经签到过了...
[2023-09-18 03:19:42,958] [INFO] b********@f******.com 您似乎已经签到过了...
[2023-09-18 03:19:44,713] [INFO] d*******@1**.com 您似乎已经签到过了...
[2023-10-07 03:19:42,624] [INFO] b******@1**.com 获得了 308MB 流量.
[2023-10-07 03:19:44,115] [INFO] b********@f******.com 获得了 360MB 流量.
[2023-10-07 03:19:45,584] [INFO] d*******@1**.com 获得了 305MB 流量.
[2023-10-08 03:19:09,090] [INFO] b******@1**.com 获得了 327MB 流量.
[2023-10-08 03:19:10,550] [INFO] b********@f******.com 获得了 396MB 流量.
[2023-10-08 03:19:11,981] [INFO] d*******@1**.com 获得了 459MB 流量.
[2023-10-09 03:19:54,434] [INFO] b******@1**.com 获得了 365MB 流量.
[2023-10-09 03:19:55,264] [INFO] b********@f******.com 获得了 456MB 流量.
[2023-10-09 03:19:55,968] [INFO] d*******@1**.com 获得了 473MB 流量.
[2023-10-10 03:19:49,076] [INFO] b******@1**.com 获得了 457MB 流量.
[2023-10-10 03:19:50,070] [INFO] b********@f******.com 获得了 457MB 流量.
[2023-10-10 03:19:51,048] [INFO] d*******@1**.com 获得了 380MB 流量.
[2023-10-11 03:20:17,139] [INFO] b******@1**.com 获得了 398MB 流量.
[2023-10-11 03:20:18,105] [INFO] b********@f******.com 获得了 365MB 流量.
[2023-10-11 03:20:19,080] [INFO] d*******@1**.com 获得了 436MB 流量.
[2023-10-12 03:19:46,607] [INFO] b******@1**.com 获得了 427MB 流量.
[2023-10-12 03:19:47,598] [INFO] b********@f******.com 获得了 467MB 流量.
[2023-10-12 03:19:48,640] [INFO] d*******@1**.com 获得了 416MB 流量.
[2023-10-13 03:20:40,044] [INFO] b******@1**.com 获得了 365MB 流量.
[2023-10-13 03:20:42,039] [INFO] b********@f******.com 获得了 354MB 流量.
[2023-10-13 03:20:43,547] [INFO] d*******@1**.com 获得了 471MB 流量.
[2023-10-14 03:19:12,105] [INFO] b******@1**.com 获得了 366MB 流量.
[2023-10-14 03:19:13,486] [INFO] b********@f******.com 获得了 348MB 流量.
[2023-10-14 03:19:15,109] [INFO] d*******@1**.com 获得了 388MB 流量.
[2023-10-15 03:19:12,659] [INFO] b******@1**.com 获得了 383MB 流量.
[2023-10-15 03:19:13,839] [INFO] b********@f******.com 获得了 396MB 流量.
[2023-10-15 03:19:15,213] [INFO] d*******@1**.com 获得了 434MB 流量.
[2023-10-16 03:20:23,807] [INFO] b******@1**.com 获得了 476MB 流量.
[2023-10-16 03:20:25,463] [INFO] b********@f******.com 获得了 491MB 流量.
[2023-10-16 03:20:27,104] [INFO] d*******@1**.com 获得了 410MB 流量.
[2023-10-17 03:20:15,490] [INFO] b******@1**.com 获得了 451MB 流量.
[2023-10-17 03:20:16,896] [INFO] b********@f******.com 获得了 376MB 流量.
[2023-10-17 03:20:18,305] [INFO] d*******@1**.com 获得了 434MB 流量.
[2023-10-18 03:20:09,873] [INFO] b******@1**.com 获得了 309MB 流量.
[2023-10-18 03:20:11,348] [INFO] b********@f******.com 获得了 448MB 流量.
[2023-10-18 03:20:12,833] [INFO] d*******@1**.com 获得了 320MB 流量.
[2023-10-19 03:20:02,588] [INFO] b******@1**.com 获得了 405MB 流量.
[2023-10-19 03:20:04,058] [INFO] b********@f******.com 获得了 376MB 流量.
[2023-10-19 03:20:05,521] [INFO] d*******@1**.com 获得了 457MB 流量.
[2023-10-20 03:19:43,201] [INFO] b******@1**.com 您似乎已经签到过了...
[2023-10-20 03:19:44,738] [INFO] b********@f******.com 您似乎已经签到过了...
[2023-10-20 03:19:46,263] [INFO] d*******@1**.com 您似乎已经签到过了...
[2023-10-21 03:19:12,922] [INFO] b******@1**.com 获得了 383MB 流量.
[2023-10-21 03:19:14,117] [INFO] b********@f******.com 获得了 427MB 流量.
[2023-10-21 03:19:15,303] [INFO] d*******@1**.com 获得了 500MB 流量.
[2023-10-22 03:20:35,689] [INFO] b******@1**.com 获得了 487MB 流量.
[2023-10-22 03:20:36,945] [INFO] b********@f******.com 获得了 377MB 流量.
[2023-10-22 03:20:38,184] [INFO] d*******@1**.com 获得了 484MB 流量.
[2023-10-23 03:20:19,461] [INFO] b******@1**.com 获得了 357MB 流量.
[2023-10-23 03:20:21,133] [INFO] b********@f******.com 获得了 370MB 流量.
[2023-10-23 03:20:22,790] [INFO] d*******@1**.com 获得了 439MB 流量.
[2023-10-24 03:20:34,511] [INFO] b******@1**.com 获得了 495MB 流量.
[2023-10-24 03:20:35,684] [INFO] b********@f******.com 获得了 327MB 流量.
[2023-10-24 03:20:36,866] [INFO] d*******@1**.com 获得了 407MB 流量.
[2023-10-25 03:20:08,304] [INFO] b******@1**.com 获得了 498MB 流量.
[2023-10-25 03:20:09,542] [INFO] b********@f******.com 获得了 403MB 流量.
[2023-10-25 03:20:10,950] [INFO] d*******@1**.com 获得了 320MB 流量.
[2023-10-26 03:19:32,198] [INFO] b******@1**.com 获得了 457MB 流量.
[2023-10-26 03:19:33,840] [INFO] b********@f******.com 获得了 399MB 流量.
[2023-10-26 03:19:35,469] [INFO] d*******@1**.com 获得了 486MB 流量.
[2023-10-27 03:19:33,986] [INFO] b******@1**.com 获得了 418MB 流量.
[2023-10-27 03:19:35,243] [INFO] b********@f******.com 获得了 474MB 流量.
[2023-10-27 03:19:36,492] [INFO] d*******@1**.com 获得了 300MB 流量.
[2023-10-28 03:19:05,286] [INFO] b******@1**.com 获得了 464MB 流量.
[2023-10-28 03:19:06,916] [INFO] b********@f******.com 获得了 376MB 流量.
[2023-10-28 03:19:08,548] [INFO] d*******@1**.com 获得了 495MB 流量.
[2023-10-29 03:19:20,180] [INFO] b******@1**.com 获得了 319MB 流量.
[2023-10-29 03:19:21,840] [INFO] b********@f******.com 获得了 474MB 流量.
[2023-10-29 03:19:23,230] [INFO] d*******@1**.com 获得了 485MB 流量.
[2023-10-30 03:20:16,542] [INFO] b******@1**.com 获得了 498MB 流量.
[2023-10-30 03:20:18,105] [INFO] b********@f******.com 获得了 380MB 流量.
[2023-10-30 03:20:19,649] [INFO] d*******@1**.com 获得了 375MB 流量.
[2023-10-31 03:19:50,221] [INFO] b******@1**.com 获得了 418MB 流量.
[2023-10-31 03:19:51,622] [INFO] b********@f******.com 获得了 342MB 流量.
[2023-10-31 03:19:52,826] [INFO] d*******@1**.com 获得了 493MB 流量.
[2023-11-01 03:20:27,393] [INFO] b******@1**.com 获得了 356MB 流量.
[2023-11-01 03:20:28,983] [INFO] b********@f******.com 获得了 454MB 流量.
[2023-11-01 03:20:30,342] [INFO] d*******@1**.com 获得了 335MB 流量.
[2023-11-02 03:20:02,716] [INFO] b******@1**.com 获得了 399MB 流量.
[2023-11-02 03:20:04,411] [INFO] b********@f******.com 获得了 430MB 流量.
[2023-11-02 03:20:06,094] [INFO] d*******@1**.com 获得了 482MB 流量.
[2023-11-03 03:19:50,240] [INFO] b******@1**.com 获得了 437MB 流量.
[2023-11-03 03:19:51,836] [INFO] b********@f******.com 获得了 354MB 流量.
[2023-11-03 03:19:53,395] [INFO] d*******@1**.com 获得了 411MB 流量.
[2023-11-04 03:19:41,438] [INFO] b******@1**.com 获得了 467MB 流量.
[2023-11-04 03:19:42,990] [INFO] b********@f******.com 获得了 387MB 流量.
[2023-11-04 03:19:44,252] [INFO] d*******@1**.com 获得了 440MB 流量.
[2023-11-05 03:21:58,509] [INFO] b******@1**.com 获得了 450MB 流量.
[2023-11-05 03:22:00,012] [INFO] b********@f******.com 获得了 455MB 流量.
[2023-11-05 03:22:01,479] [INFO] d*******@1**.com 获得了 420MB 流量.
[2023-11-06 03:20:27,360] [INFO] b******@1**.com 获得了 414MB 流量.
[2023-11-06 03:20:28,927] [INFO] b********@f******.com 获得了 359MB 流量.
[2023-11-06 03:20:30,254] [INFO] d*******@1**.com 获得了 398MB 流量.
[2023-11-07 03:20:18,695] [INFO] b******@1**.com 获得了 304MB 流量.
[2023-11-07 03:20:20,543] [INFO] b********@f******.com 获得了 362MB 流量.
[2023-11-07 03:20:22,278] [INFO] d*******@1**.com 获得了 303MB 流量.
[2023-11-08 03:20:10,827] [INFO] b******@1**.com 获得了 409MB 流量.
[2023-11-08 03:20:12,320] [INFO] b********@f******.com 获得了 329MB 流量.
[2023-11-08 03:20:14,102] [INFO] d*******@1**.com 获得了 362MB 流量.
[2023-11-09 03:19:55,863] [INFO] b******@1**.com 获得了 363MB 流量.
[2023-11-09 03:19:57,558] [INFO] b********@f******.com 获得了 475MB 流量.
[2023-11-09 03:19:59,593] [INFO] d*******@1**.com 获得了 416MB 流量.
[2023-11-10 03:20:21,003] [INFO] b******@1**.com 获得了 465MB 流量.
[2023-11-10 03:20:22,393] [INFO] b********@f******.com 获得了 497MB 流量.
[2023-11-10 03:20:23,792] [INFO] d*******@1**.com 获得了 494MB 流量.
[2023-11-11 03:22:05,280] [INFO] b******@1**.com 获得了 374MB 流量.
[2023-11-11 03:22:07,085] [INFO] b********@f******.com 获得了 446MB 流量.
[2023-11-11 03:22:08,888] [INFO] d*******@1**.com 获得了 500MB 流量.
[2023-11-12 03:19:36,792] [INFO] b******@1**.com 获得了 419MB 流量.
[2023-11-12 03:19:38,161] [INFO] b********@f******.com 获得了 444MB 流量.
[2023-11-12 03:19:39,780] [INFO] d*******@1**.com 获得了 498MB 流量.
[2023-11-13 03:20:29,063] [INFO] b******@1**.com 获得了 413MB 流量.
[2023-11-13 03:20:30,846] [INFO] b********@f******.com 获得了 364MB 流量.
[2023-11-13 03:20:32,603] [INFO] d*******@1**.com 获得了 325MB 流量.
[2023-11-14 03:20:20,543] [INFO] b******@1**.com 获得了 414MB 流量.
[2023-11-14 03:20:22,391] [INFO] b********@f******.com 获得了 355MB 流量.
[2023-11-14 03:20:24,237] [INFO] d*******@1**.com 获得了 435MB 流量.
[2023-11-15 03:20:51,775] [INFO] b******@1**.com 获得了 391MB 流量.
[2023-11-15 03:20:53,197] [INFO] b********@f******.com 获得了 302MB 流量.
[2023-11-15 03:20:54,644] [INFO] d*******@1**.com 获得了 472MB 流量.
[2023-11-16 03:21:04,353] [INFO] b******@1**.com 获得了 351MB 流量.
[2023-11-16 03:21:05,570] [INFO] b********@f******.com 获得了 454MB 流量.
[2023-11-16 03:21:06,781] [INFO] d*******@1**.com 获得了 335MB 流量.
[2023-11-17 03:20:35,830] [INFO] b******@1**.com 获得了 316MB 流量.
[2023-11-17 03:20:37,195] [INFO] b********@f******.com 获得了 450MB 流量.
[2023-11-17 03:20:38,579] [INFO] d*******@1**.com 获得了 450MB 流量.
[2023-11-18 03:20:14,535] [INFO] b******@1**.com 获得了 352MB 流量.
[2023-11-18 03:20:15,570] [INFO] b********@f******.com 获得了 339MB 流量.
[2023-11-18 03:20:16,789] [INFO] d*******@1**.com 获得了 361MB 流量.
[2023-11-19 03:20:28,677] [INFO] b******@1**.com 获得了 376MB 流量.
[2023-11-19 03:20:29,902] [INFO] b********@f******.com 获得了 469MB 流量.
[2023-11-19 03:20:31,106] [INFO] d*******@1**.com 获得了 459MB 流量.
[2023-11-20 03:21:17,809] [INFO] b******@1**.com 获得了 351MB 流量.
[2023-11-20 03:21:19,223] [INFO] b********@f******.com 获得了 311MB 流量.
[2023-11-20 03:21:20,370] [INFO] d*******@1**.com 获得了 487MB 流量.
[2023-11-21 03:21:44,161] [INFO] b******@1**.com 获得了 488MB 流量.
[2023-11-21 03:21:45,645] [INFO] b********@f******.com 获得了 331MB 流量.
[2023-11-21 03:21:47,128] [INFO] d*******@1**.com 获得了 444MB 流量.
[2023-11-22 03:21:41,357] [INFO] b******@1**.com 获得了 364MB 流量.
[2023-11-22 03:21:42,827] [INFO] b********@f******.com 获得了 344MB 流量.
[2023-11-22 03:21:44,344] [INFO] d*******@1**.com 获得了 315MB 流量.
[2023-11-23 03:21:00,577] [INFO] b******@1**.com 获得了 479MB 流量.
[2023-11-23 03:21:02,036] [INFO] b********@f******.com 获得了 492MB 流量.
[2023-11-23 03:21:03,255] [INFO] d*******@1**.com 获得了 376MB 流量.
[2023-11-24 03:20:58,116] [INFO] b******@1**.com 获得了 355MB 流量.
[2023-11-24 03:20:59,307] [INFO] b********@f******.com 获得了 402MB 流量.
[2023-11-24 03:21:00,531] [INFO] d*******@1**.com 获得了 457MB 流量.
[2023-11-25 03:20:29,276] [INFO] b******@1**.com 获得了 463MB 流量.
[2023-11-25 03:20:30,745] [INFO] b********@f******.com 获得了 470MB 流量.
[2023-11-25 03:20:32,227] [INFO] d*******@1**.com 获得了 445MB 流量.
[2023-11-26 03:20:08,293] [INFO] b******@1**.com 获得了 462MB 流量.
[2023-11-26 03:20:09,762] [INFO] b********@f******.com 获得了 378MB 流量.
[2023-11-26 03:20:11,221] [INFO] d*******@1**.com 获得了 412MB 流量.
[2023-11-27 03:21:00,354] [INFO] b******@1**.com 获得了 447MB 流量.
[2023-11-27 03:21:01,820] [INFO] b********@f******.com 获得了 325MB 流量.
[2023-11-27 03:21:03,303] [INFO] d*******@1**.com 获得了 362MB 流量.
[2023-11-28 03:21:11,155] [INFO] b******@1**.com 获得了 423MB 流量.
[2023-11-28 03:21:12,201] [INFO] b********@f******.com 获得了 325MB 流量.
[2023-11-28 03:21:13,221] [INFO] d*******@1**.com 获得了 360MB 流量.
[2023-11-29 03:20:48,621] [INFO] b******@1**.com 获得了 362MB 流量.
[2023-11-29 03:20:49,762] [INFO] b********@f******.com 获得了 430MB 流量.
[2023-11-29 03:20:51,150] [INFO] d*******@1**.com 获得了 347MB 流量.
[2023-11-30 03:20:57,179] [INFO] b******@1**.com 获得了 415MB 流量.
[2023-11-30 03:20:58,680] [INFO] b********@f******.com 获得了 437MB 流量.
[2023-11-30 03:20:59,886] [INFO] d*******@1**.com 获得了 459MB 流量.
[2023-12-01 03:21:42,975] [INFO] b******@1**.com 获得了 333MB 流量.
[2023-12-01 03:21:44,394] [INFO] b********@f******.com 获得了 315MB 流量.
[2023-12-01 03:21:45,814] [INFO] d*******@1**.com 获得了 307MB 流量.
[2023-12-02 03:20:10,901] [INFO] b******@1**.com 获得了 466MB 流量.
[2023-12-02 03:20:12,090] [INFO] b********@f******.com 获得了 429MB 流量.
[2023-12-02 03:20:13,086] [INFO] d*******@1**.com 获得了 500MB 流量.
[2023-12-03 03:20:14,221] [INFO] b******@1**.com 获得了 420MB 流量.
[2023-12-03 03:20:15,413] [INFO] b********@f******.com 获得了 462MB 流量.
[2023-12-03 03:20:16,601] [INFO] d*******@1**.com 获得了 304MB 流量.
[2023-12-04 03:21:18,302] [INFO] b******@1**.com 获得了 348MB 流量.
[2023-12-04 03:21:19,353] [INFO] b********@f******.com 获得了 422MB 流量.
[2023-12-04 03:21:20,399] [INFO] d*******@1**.com 获得了 456MB 流量.
[2023-12-05 03:21:28,028] [INFO] b******@1**.com 获得了 485MB 流量.
[2023-12-05 03:21:29,245] [INFO] b********@f******.com 获得了 310MB 流量.
[2023-12-05 03:21:30,445] [INFO] d*******@1**.com 获得了 315MB 流量.
[2023-12-06 03:21:13,364] [INFO] b******@1**.com 获得了 463MB 流量.
[2023-12-06 03:21:14,893] [INFO] b********@f******.com 获得了 390MB 流量.
[2023-12-06 03:21:16,396] [INFO] d*******@1**.com 获得了 358MB 流量.
[2023-12-07 03:21:08,872] [INFO] b******@1**.com 获得了 389MB 流量.
[2023-12-07 03:21:10,083] [INFO] b********@f******.com 获得了 331MB 流量.
[2023-12-07 03:21:11,313] [INFO] d*******@1**.com 获得了 338MB 流量.
[2023-12-08 03:21:03,019] [INFO] b******@1**.com 获得了 319MB 流量.
[2023-12-08 03:21:04,494] [INFO] b********@f******.com 获得了 373MB 流量.
[2023-12-08 03:21:05,980] [INFO] d*******@1**.com 获得了 489MB 流量.
[2023-12-09 03:20:22,525] [INFO] b******@1**.com 获得了 343MB 流量.
[2023-12-09 03:20:23,808] [INFO] b********@f******.com 获得了 405MB 流量.
[2023-12-09 03:20:25,052] [INFO] d*******@1**.com 获得了 476MB 流量.
[2023-12-10 03:20:44,111] [INFO] b******@1**.com 获得了 367MB 流量.
[2023-12-10 03:20:45,608] [INFO] b********@f******.com 获得了 408MB 流量.
[2023-12-10 03:20:47,111] [INFO] d*******@1**.com 获得了 408MB 流量.
[2023-12-11 03:21:39,975] [INFO] b******@1**.com 获得了 379MB 流量.
[2023-12-11 03:21:41,460] [INFO] b********@f******.com 获得了 409MB 流量.
[2023-12-11 03:21:42,962] [INFO] d*******@1**.com 获得了 323MB 流量.
[2023-12-12 03:21:21,805] [INFO] b******@1**.com 获得了 454MB 流量.
[2023-12-12 03:21:23,192] [INFO] b********@f******.com 获得了 399MB 流量.
[2023-12-12 03:21:24,342] [INFO] d*******@1**.com 获得了 443MB 流量.
[2023-12-13 03:21:28,075] [INFO] b******@1**.com 获得了 340MB 流量.
[2023-12-13 03:21:29,320] [INFO] b********@f******.com 获得了 439MB 流量.
[2023-12-13 03:21:30,855] [INFO] d*******@1**.com 获得了 471MB 流量.
[2023-12-14 03:21:10,073] [INFO] b******@1**.com 获得了 439MB 流量.
[2023-12-14 03:21:11,082] [INFO] b********@f******.com 获得了 321MB 流量.
[2023-12-14 03:21:12,284] [INFO] d*******@1**.com 获得了 443MB 流量.
[2023-12-15 03:21:38,800] [INFO] b******@1**.com 获得了 486MB 流量.
[2023-12-15 03:21:40,055] [INFO] b********@f******.com 获得了 323MB 流量.
[2023-12-15 03:21:41,294] [INFO] d*******@1**.com 获得了 491MB 流量.
[2023-12-16 03:20:31,465] [INFO] b******@1**.com 获得了 449MB 流量.
[2023-12-16 03:20:32,515] [INFO] b********@f******.com 获得了 403MB 流量.
[2023-12-16 03:20:33,796] [INFO] d*******@1**.com 获得了 375MB 流量.
[2023-12-17 03:20:28,803] [INFO] b******@1**.com 获得了 362MB 流量.
[2023-12-17 03:20:30,084] [INFO] b********@f******.com 获得了 413MB 流量.
[2023-12-17 03:20:31,341] [INFO] d*******@1**.com 获得了 302MB 流量.
[2023-12-18 03:21:23,332] [INFO] b******@1**.com 获得了 364MB 流量.
[2023-12-18 03:21:24,758] [INFO] b********@f******.com 获得了 405MB 流量.
[2023-12-18 03:21:25,946] [INFO] d*******@1**.com 获得了 361MB 流量.
[2023-12-19 03:21:48,626] [INFO] b******@1**.com 获得了 325MB 流量.
[2023-12-19 03:21:49,682] [INFO] b********@f******.com 获得了 432MB 流量.
[2023-12-19 03:21:50,946] [INFO] d*******@1**.com 获得了 367MB 流量.
[2023-12-20 03:17:10,178] [INFO] b******@1**.com 获得了 457MB 流量.
[2023-12-20 03:17:11,638] [INFO] b********@f******.com 获得了 439MB 流量.
[2023-12-20 03:17:12,840] [INFO] d*******@1**.com 获得了 468MB 流量.
[2023-12-21 03:20:48,272] [INFO] b******@1**.com 获得了 324MB 流量.
[2023-12-21 03:20:49,781] [INFO] b********@f******.com 您似乎已经签到过了...
[2023-12-21 03:20:51,297] [INFO] d*******@1**.com 获得了 361MB 流量.
[2023-12-22 03:20:59,631] [INFO] b******@1**.com 获得了 315MB 流量.
[2023-12-22 03:21:01,167] [INFO] b********@f******.com 获得了 464MB 流量.
[2023-12-22 03:21:02,770] [INFO] d*******@1**.com 获得了 408MB 流量.
[2023-12-23 03:20:11,862] [INFO] b******@1**.com 获得了 374MB 流量.
[2023-12-23 03:20:13,421] [INFO] b********@f******.com 获得了 347MB 流量.
[2023-12-23 03:20:14,969] [INFO] d*******@1**.com 获得了 463MB 流量.
[2023-12-24 03:20:10,746] [INFO] b******@1**.com 获得了 434MB 流量.
[2023-12-24 03:20:12,018] [INFO] b********@f******.com 获得了 486MB 流量.
[2023-12-24 03:20:13,431] [INFO] d*******@1**.com 获得了 430MB 流量.
[2023-12-25 03:21:01,961] [INFO] b******@1**.com 获得了 475MB 流量.
[2023-12-25 03:21:03,216] [INFO] b********@f******.com 获得了 485MB 流量.
[2023-12-25 03:21:04,665] [INFO] d*******@1**.com 获得了 349MB 流量.
[2023-12-26 03:20:45,458] [INFO] b******@1**.com 系统无法接受您的验证结果，请完成非机器人验证。
[2023-12-26 03:20:46,943] [INFO] b********@f******.com 系统无法接受您的验证结果，请完成非机器人验证。
[2023-12-26 03:20:48,380] [INFO] d*******@1**.com 系统无法接受您的验证结果，请完成非机器人验证。
[2023-12-27 03:21:25,290] [INFO] b******@1**.com 系统无法接受您的验证结果，请完成非机器人验证。
[2023-12-27 03:21:26,802] [INFO] b********@f******.com 系统无法接受您的验证结果，请完成非机器人验证。
[2023-12-27 03:21:28,076] [INFO] d*******@1**.com 系统无法接受您的验证结果，请完成非机器人验证。
[2023-12-28 03:20:52,611] [INFO] b******@1**.com 系统无法接受您的验证结果，请完成非机器人验证。
[2023-12-28 03:20:54,074] [INFO] b********@f******.com 系统无法接受您的验证结果，请完成非机器人验证。
[2023-12-28 03:20:55,557] [INFO] d*******@1**.com 系统无法接受您的验证结果，请完成非机器人验证。
